Flutter crash report.
Please report a bug at https://github.com/flutter/flutter/issues.

## command

flutter packages get

## exception

FileSystemException: FileSystemException: Cannot open file, path = 'C:\flutter_windows_2.10.0-stable\flutter\version' (OS Error: The system cannot find the file specified.
, errno = 2)

```
#0      _File.throwIfError (dart:io/file_impl.dart:635:7)
#1      _File.openSync (dart:io/file_impl.dart:479:5)
#2      _File.readAsBytesSync (dart:io/file_impl.dart:539:18)
#3      _File.readAsStringSync (dart:io/file_impl.dart:584:18)
#4      ForwardingFile.readAsStringSync (package:file/src/forwarding/forwarding_file.dart:96:16)
#5      ErrorHandlingFile.readAsStringSync.<anonymous closure> (package:flutter_tools/src/base/error_handling_io.dart:222:22)
#6      _runSync (package:flutter_tools/src/base/error_handling_io.dart:597:14)
#7      ErrorHandlingFile.readAsStringSync (package:flutter_tools/src/base/error_handling_io.dart:221:12)
#8      _DefaultPub.get (package:flutter_tools/src/dart/pub.dart:291:50)
<asynchronous suspension>
#9      PackagesGetCommand._runPubGet (package:flutter_tools/src/commands/packages.dart:142:7)
<asynchronous suspension>
#10     PackagesGetCommand.runCommand (package:flutter_tools/src/commands/packages.dart:176:5)
<asynchronous suspension>
#11     FlutterCommand.run.<anonymous closure> (package:flutter_tools/src/runner/flutter_command.dart:1161:27)
<asynchronous suspension>
#12     AppContext.run.<anonymous closure> (package:flutter_tools/src/base/context.dart:150:19)
<asynchronous suspension>
#13     CommandRunner.runCommand (package:args/command_runner.dart:209:13)
<asynchronous suspension>
#14     FlutterCommandRunner.runCommand.<anonymous closure> (package:flutter_tools/src/runner/flutter_command_runner.dart:281:9)
<asynchronous suspension>
#15     AppContext.run.<anonymous closure> (package:flutter_tools/src/base/context.dart:150:19)
<asynchronous suspension>
#16     FlutterCommandRunner.runCommand (package:flutter_tools/src/runner/flutter_command_runner.dart:229:5)
<asynchronous suspension>
#17     run.<anonymous closure>.<anonymous closure> (package:flutter_tools/runner.dart:62:9)
<asynchronous suspension>
#18     AppContext.run.<anonymous closure> (package:flutter_tools/src/base/context.dart:150:19)
<asynchronous suspension>
#19     main (package:flutter_tools/executable.dart:94:3)
<asynchronous suspension>
```

## flutter doctor

```
[✓] Flutter (Channel stable, 2.10.0, on Microsoft Windows [Version 10.0.18363.2037], locale en-US)
    • Flutter version 2.10.0 at C:\flutter_windows_2.10.0-stable\flutter
    • Upstream repository https://github.com/flutter/flutter.git
    • Framework revision 5f105a6ca7 (9 days ago), 2022-02-18 19:33:08 -0600
    • Engine revision a83ed0e5e3
    • Dart version 2.16.0
    • DevTools version 2.9.2

[✓] Android toolchain - develop for Android devices (Android SDK version 32.1.0-rc1)
    • Android SDK at C:\Users\Vidhya\AppData\Local\Android\sdk
    • Platform android-Tiramisu, build-tools 32.1.0-rc1
    • Java binary at: C:\Program Files\Android\Android Studio\jre\bin\java
    • Java version OpenJDK Runtime Environment (build 11.0.11+9-b60-7590822)
    • All Android licenses accepted.

[✓] Chrome - develop for the web
    • Chrome at C:\Program Files\Google\Chrome\Application\chrome.exe

[!] Visual Studio - develop for Windows (Visual Studio Community 2022 17.1.0)
    • Visual Studio at C:\Program Files\Microsoft Visual Studio\2022\Community
    • Visual Studio Community 2022 version 17.1.32210.238
    • Windows 10 SDK version 10.0.19041.0
    ✗ The current Visual Studio installation is incomplete. Please reinstall Visual Studio.

[✓] Android Studio (version 2021.1)
    • Android Studio at C:\Program Files\Android\Android Studio
    • Flutter plugin can be installed from:
      🔨 https://plugins.jetbrains.com/plugin/9212-flutter
    • Dart plugin can be installed from:
      🔨 https://plugins.jetbrains.com/plugin/6351-dart
    • Java version OpenJDK Runtime Environment (build 11.0.11+9-b60-7590822)

[✓] VS Code (version 1.64.2)
    • VS Code at C:\Users\Vidhya\AppData\Local\Programs\Microsoft VS Code
    • Flutter extension version 3.34.0

[✓] Connected device (3 available)
    • Windows (desktop) • windows • windows-x64    • Microsoft Windows [Version 10.0.18363.2037]
    • Chrome (web)      • chrome  • web-javascript • Google Chrome 98.0.4758.102
    • Edge (web)        • edge    • web-javascript • Microsoft Edge 98.0.1108.62

[✓] HTTP Host Availability
    • All required HTTP hosts are available

! Doctor found issues in 1 category.
```
